<?xml version="1.0" encoding="UTF-8"?>
<!-- Generated by org.testng.reporters.JUnitReportReporter -->
<testsuite skipped="0" hostname="LAPTOP-0I5B3L8C" name="tests.TestLoginChrome" tests="3" failures="0" timestamp="2021-01-13T11:13:15 COT" time="35.566" errors="0">
  <testcase name="testLoginFallido" time="10.236" classname="tests.TestLoginChrome"/>
  <system-out/>
  <testcase name="testLoginFallido" time="14.624" classname="tests.TestLoginChrome"/>
  <system-out/>
  <testcase name="testLoginExitoso" time="10.706" classname="tests.TestLoginChrome"/>
  <system-out/>
</testsuite> <!-- tests.TestLoginChrome -->
