<?xml version="1.0" encoding="UTF-8"?>
<!-- Generated by org.testng.reporters.JUnitReportReporter -->
<testsuite skipped="0" hostname="LAPTOP-0I5B3L8C" name="tests.TestLoginEdge" tests="3" failures="0" timestamp="2021-01-13T11:13:15 COT" time="33.599" errors="0">
  <testcase name="testLoginFallido" time="11.480" classname="tests.TestLoginEdge"/>
  <system-out/>
  <testcase name="testLoginFallido" time="11.267" classname="tests.TestLoginEdge"/>
  <system-out/>
  <testcase name="testLoginExitoso" time="10.852" classname="tests.TestLoginEdge"/>
  <system-out/>
</testsuite> <!-- tests.TestLoginEdge -->
