<?xml version="1.0" encoding="UTF-8"?>
<!-- Generated by org.testng.reporters.JUnitReportReporter -->
<testsuite skipped="0" hostname="LAPTOP-0I5B3L8C" name="tests.TestLoginFirefox" tests="3" failures="0" timestamp="2021-01-13T11:13:15 COT" time="61.918" errors="0">
  <testcase name="testLoginFallido" time="16.349" classname="tests.TestLoginFirefox"/>
  <system-out/>
  <testcase name="testLoginFallido" time="27.698" classname="tests.TestLoginFirefox"/>
  <system-out/>
  <testcase name="testLoginExitoso" time="17.871" classname="tests.TestLoginFirefox"/>
  <system-out/>
</testsuite> <!-- tests.TestLoginFirefox -->
